# JRE version: OpenJDK Runtime Environment Temurin-21.0.8+9 (21.0.8+9) (build 21.0.8+9-LTS)
# Java VM: OpenJDK 64-Bit Server VM Temurin-21.0.8+9 (21.0.8+9-LTS, mixed mode, sharing, tiered, compressed oops, compressed class ptrs, parallel gc, windows-amd64)
GC Precious Log:
 CardTable entry size: 512
 CPUs: 12 total, 12 available
 Memory: 7561M
 Large Page Support: Disabled
 NUMA Support: Disabled
 Compressed Oops: Enabled (32-bit)
 Alignments: Space 512K, Generation 512K, Heap 2M
 Heap Min Capacity: 100M
 Heap Initial Capacity: 100M
 Heap Max Capacity: 2G
 Pre-touch: Disabled
 Parallel Workers: 10
Heap:
 PSYoungGen      total 22016K, used 7930K [0x00000000d5580000, 0x00000000d6d00000, 0x0000000100000000)
  eden space 20992K, 33% used [0x00000000d5580000,0x00000000d5c744e8,0x00000000d6a00000)
  from space 1024K, 79% used [0x00000000d6b80000,0x00000000d6c4a420,0x00000000d6c80000)
  to   space 512K, 0% used [0x00000000d6c80000,0x00000000d6c80000,0x00000000d6d00000)
 ParOldGen       total 1369088K, used 641944K [0x0000000080000000, 0x00000000d3900000, 0x00000000d5580000)
  object space 1369088K, 46% used [0x0000000080000000,0x00000000a72e6138,0x00000000d3900000)
 Metaspace       used 92617K, committed 94272K, reserved 1179648K
  class space    used 9070K, committed 9856K, reserved 1048576K
GC Heap History (20 events):
Event: 22552.133 GC heap before
{Heap before GC invocations=2557 (full 7):
 PSYoungGen      total 24064K, used 21501K [0x00000000d5580000, 0x00000000d7180000, 0x0000000100000000)
  eden space 20992K, 100% used [0x00000000d5580000,0x00000000d6a00000,0x00000000d6a00000)
  from space 3072K, 16% used [0x00000000d6a00000,0x00000000d6a7f468,0x00000000d6d00000)
  to   space 1536K, 0% used [0x00000000d7000000,0x00000000d7000000,0x00000000d7180000)
 ParOldGen       total 1369088K, used 629830K [0x0000000080000000, 0x00000000d3900000, 0x00000000d5580000)
  object space 1369088K, 46% used [0x0000000080000000,0x00000000a67119e0,0x00000000d3900000)
 Metaspace       used 92585K, committed 94272K, reserved 1179648K
  class space    used 9070K, committed 9856K, reserved 1048576K
}
Event: 22552.135 GC heap after
{Heap after GC invocations=2557 (full 7):
 PSYoungGen      total 22016K, used 745K [0x00000000d5580000, 0x00000000d7100000, 0x0000000100000000)
  eden space 20992K, 0% used [0x00000000d5580000,0x00000000d5580000,0x00000000d6a00000)
  from space 1024K, 72% used [0x00000000d7000000,0x00000000d70ba470,0x00000000d7100000)
  to   space 1024K, 0% used [0x00000000d6f00000,0x00000000d6f00000,0x00000000d7000000)
 ParOldGen       total 1369088K, used 629957K [0x0000000080000000, 0x00000000d3900000, 0x00000000d5580000)
  object space 1369088K, 46% used [0x0000000080000000,0x00000000a6731488,0x00000000d3900000)
 Metaspace       used 92585K, committed 94272K, reserved 1179648K
  class space    used 9070K, committed 9856K, reserved 1048576K
}
Event: 22552.166 GC heap before
{Heap before GC invocations=2558 (full 7):
 PSYoungGen      total 22016K, used 21737K [0x00000000d5580000, 0x00000000d7100000, 0x0000000100000000)
  eden space 20992K, 100% used [0x00000000d5580000,0x00000000d6a00000,0x00000000d6a00000)
  from space 1024K, 72% used [0x00000000d7000000,0x00000000d70ba470,0x00000000d7100000)
  to   space 1024K, 0% used [0x00000000d6f00000,0x00000000d6f00000,0x00000000d7000000)
 ParOldGen       total 1369088K, used 629957K [0x0000000080000000, 0x00000000d3900000, 0x00000000d5580000)
  object space 1369088K, 46% used [0x0000000080000000,0x00000000a6731488,0x00000000d3900000)
 Metaspace       used 92585K, committed 94272K, reserved 1179648K
  class space    used 9070K, committed 9856K, reserved 1048576K
}
Event: 22552.168 GC heap after
{Heap after GC invocations=2558 (full 7):
 PSYoungGen      total 22016K, used 999K [0x00000000d5580000, 0x00000000d7080000, 0x0000000100000000)
  eden space 20992K, 0% used [0x00000000d5580000,0x00000000d5580000,0x00000000d6a00000)
  from space 1024K, 97% used [0x00000000d6f00000,0x00000000d6ff9cd0,0x00000000d7000000)
  to   space 512K, 0% used [0x00000000d7000000,0x00000000d7000000,0x00000000d7080000)
 ParOldGen       total 1369088K, used 630109K [0x0000000080000000, 0x00000000d3900000, 0x00000000d5580000)
  object space 1369088K, 46% used [0x0000000080000000,0x00000000a6757488,0x00000000d3900000)
 Metaspace       used 92585K, committed 94272K, reserved 1179648K
  class space    used 9070K, committed 9856K, reserved 1048576K
}
Event: 22552.200 GC heap before
{Heap before GC invocations=2559 (full 7):
 PSYoungGen      total 22016K, used 21991K [0x00000000d5580000, 0x00000000d7080000, 0x0000000100000000)
  eden space 20992K, 100% used [0x00000000d5580000,0x00000000d6a00000,0x00000000d6a00000)
  from space 1024K, 97% used [0x00000000d6f00000,0x00000000d6ff9cd0,0x00000000d7000000)
  to   space 512K, 0% used [0x00000000d7000000,0x00000000d7000000,0x00000000d7080000)
 ParOldGen       total 1369088K, used 630109K [0x0000000080000000, 0x00000000d3900000, 0x00000000d5580000)
  object space 1369088K, 46% used [0x0000000080000000,0x00000000a6757488,0x00000000d3900000)
 Metaspace       used 92585K, committed 94272K, reserved 1179648K
  class space    used 9070K, committed 9856K, reserved 1048576K
}
Event: 22552.202 GC heap after
{Heap after GC invocations=2559 (full 7):
 PSYoungGen      total 21504K, used 512K [0x00000000d5580000, 0x00000000d7100000, 0x0000000100000000)
  eden space 20992K, 0% used [0x00000000d5580000,0x00000000d5580000,0x00000000d6a00000)
  from space 512K, 100% used [0x00000000d7000000,0x00000000d7080000,0x00000000d7080000)
  to   space 3584K, 0% used [0x00000000d6a00000,0x00000000d6a00000,0x00000000d6d80000)
 ParOldGen       total 1369088K, used 632435K [0x0000000080000000, 0x00000000d3900000, 0x00000000d5580000)
  object space 1369088K, 46% used [0x0000000080000000,0x00000000a699cdf0,0x00000000d3900000)
 Metaspace       used 92585K, committed 94272K, reserved 1179648K
  class space    used 9070K, committed 9856K, reserved 1048576K
}
Event: 22552.234 GC heap before
{Heap before GC invocations=2560 (full 7):
 PSYoungGen      total 21504K, used 21504K [0x00000000d5580000, 0x00000000d7100000, 0x0000000100000000)
  eden space 20992K, 100% used [0x00000000d5580000,0x00000000d6a00000,0x00000000d6a00000)
  from space 512K, 100% used [0x00000000d7000000,0x00000000d7080000,0x00000000d7080000)
  to   space 3584K, 0% used [0x00000000d6a00000,0x00000000d6a00000,0x00000000d6d80000)
 ParOldGen       total 1369088K, used 632435K [0x0000000080000000, 0x00000000d3900000, 0x00000000d5580000)
  object space 1369088K, 46% used [0x0000000080000000,0x00000000a699cdf0,0x00000000d3900000)
 Metaspace       used 92585K, committed 94272K, reserved 1179648K
  class space    used 9070K, committed 9856K, reserved 1048576K
}
Event: 22552.237 GC heap after
{Heap after GC invocations=2560 (full 7):
 PSYoungGen      total 24576K, used 2528K [0x00000000d5580000, 0x00000000d7080000, 0x0000000100000000)
  eden space 20992K, 0% used [0x00000000d5580000,0x00000000d5580000,0x00000000d6a00000)
  from space 3584K, 70% used [0x00000000d6a00000,0x00000000d6c78098,0x00000000d6d80000)
  to   space 3072K, 0% used [0x00000000d6d80000,0x00000000d6d80000,0x00000000d7080000)
 ParOldGen       total 1369088K, used 632978K [0x0000000080000000, 0x00000000d3900000, 0x00000000d5580000)
  object space 1369088K, 46% used [0x0000000080000000,0x00000000a6a248b0,0x00000000d3900000)
 Metaspace       used 92585K, committed 94272K, reserved 1179648K
  class space    used 9070K, committed 9856K, reserved 1048576K
}
Event: 22552.278 GC heap before
{Heap before GC invocations=2561 (full 7):
 PSYoungGen      total 24576K, used 23520K [0x00000000d5580000, 0x00000000d7080000, 0x0000000100000000)
  eden space 20992K, 100% used [0x00000000d5580000,0x00000000d6a00000,0x00000000d6a00000)
  from space 3584K, 70% used [0x00000000d6a00000,0x00000000d6c78098,0x00000000d6d80000)
  to   space 3072K, 0% used [0x00000000d6d80000,0x00000000d6d80000,0x00000000d7080000)
 ParOldGen       total 1369088K, used 632978K [0x0000000080000000, 0x00000000d3900000, 0x00000000d5580000)
  object space 1369088K, 46% used [0x0000000080000000,0x00000000a6a248b0,0x00000000d3900000)
 Metaspace       used 92585K, committed 94272K, reserved 1179648K
  class space    used 9070K, committed 9856K, reserved 1048576K
}
Event: 22552.283 GC heap after
{Heap after GC invocations=2561 (full 7):
 PSYoungGen      total 24064K, used 2611K [0x00000000d5580000, 0x00000000d7080000, 0x0000000100000000)
  eden space 20992K, 0% used [0x00000000d5580000,0x00000000d5580000,0x00000000d6a00000)
  from space 3072K, 85% used [0x00000000d6d80000,0x00000000d700cd98,0x00000000d7080000)
  to   space 3072K, 0% used [0x00000000d6a80000,0x00000000d6a80000,0x00000000d6d80000)
 ParOldGen       total 1369088K, used 635150K [0x0000000080000000, 0x00000000d3900000, 0x00000000d5580000)
  object space 1369088K, 46% used [0x0000000080000000,0x00000000a6c439a8,0x00000000d3900000)
 Metaspace       used 92585K, committed 94272K, reserved 1179648K
  class space    used 9070K, committed 9856K, reserved 1048576K
}
Event: 22552.315 GC heap before
{Heap before GC invocations=2562 (full 7):
 PSYoungGen      total 24064K, used 23603K [0x00000000d5580000, 0x00000000d7080000, 0x0000000100000000)
  eden space 20992K, 100% used [0x00000000d5580000,0x00000000d6a00000,0x00000000d6a00000)
  from space 3072K, 85% used [0x00000000d6d80000,0x00000000d700cd98,0x00000000d7080000)
  to   space 3072K, 0% used [0x00000000d6a80000,0x00000000d6a80000,0x00000000d6d80000)
 ParOldGen       total 1369088K, used 635150K [0x0000000080000000, 0x00000000d3900000, 0x00000000d5580000)
  object space 1369088K, 46% used [0x0000000080000000,0x00000000a6c439a8,0x00000000d3900000)
 Metaspace       used 92585K, committed 94272K, reserved 1179648K
  class space    used 9070K, committed 9856K, reserved 1048576K
}
Event: 22552.319 GC heap after
{Heap after GC invocations=2562 (full 7):
 PSYoungGen      total 23552K, used 2080K [0x00000000d5580000, 0x00000000d6f00000, 0x0000000100000000)
  eden space 20992K, 0% used [0x00000000d5580000,0x00000000d5580000,0x00000000d6a00000)
  from space 2560K, 81% used [0x00000000d6a80000,0x00000000d6c88078,0x00000000d6d00000)
  to   space 2048K, 0% used [0x00000000d6d00000,0x00000000d6d00000,0x00000000d6f00000)
 ParOldGen       total 1369088K, used 637546K [0x0000000080000000, 0x00000000d3900000, 0x00000000d5580000)
  object space 1369088K, 46% used [0x0000000080000000,0x00000000a6e9ab80,0x00000000d3900000)
 Metaspace       used 92585K, committed 94272K, reserved 1179648K
  class space    used 9070K, committed 9856K, reserved 1048576K
}
Event: 22622.704 GC heap before
{Heap before GC invocations=2563 (full 7):
 PSYoungGen      total 23552K, used 23072K [0x00000000d5580000, 0x00000000d6f00000, 0x0000000100000000)
  eden space 20992K, 100% used [0x00000000d5580000,0x00000000d6a00000,0x00000000d6a00000)
  from space 2560K, 81% used [0x00000000d6a80000,0x00000000d6c88078,0x00000000d6d00000)
  to   space 2048K, 0% used [0x00000000d6d00000,0x00000000d6d00000,0x00000000d6f00000)
 ParOldGen       total 1369088K, used 637546K [0x0000000080000000, 0x00000000d3900000, 0x00000000d5580000)
  object space 1369088K, 46% used [0x0000000080000000,0x00000000a6e9ab80,0x00000000d3900000)
 Metaspace       used 92592K, committed 94272K, reserved 1179648K
  class space    used 9070K, committed 9856K, reserved 1048576K
}
Event: 22622.709 GC heap after
{Heap after GC invocations=2563 (full 7):
 PSYoungGen      total 23040K, used 1607K [0x00000000d5580000, 0x00000000d6f00000, 0x0000000100000000)
  eden space 20992K, 0% used [0x00000000d5580000,0x00000000d5580000,0x00000000d6a00000)
  from space 2048K, 78% used [0x00000000d6d00000,0x00000000d6e91de0,0x00000000d6f00000)
  to   space 2048K, 0% used [0x00000000d6b00000,0x00000000d6b00000,0x00000000d6d00000)
 ParOldGen       total 1369088K, used 639500K [0x0000000080000000, 0x00000000d3900000, 0x00000000d5580000)
  object space 1369088K, 46% used [0x0000000080000000,0x00000000a7083388,0x00000000d3900000)
 Metaspace       used 92592K, committed 94272K, reserved 1179648K
  class space    used 9070K, committed 9856K, reserved 1048576K
}
Event: 22680.732 GC heap before
{Heap before GC invocations=2564 (full 7):
 PSYoungGen      total 23040K, used 22599K [0x00000000d5580000, 0x00000000d6f00000, 0x0000000100000000)
  eden space 20992K, 100% used [0x00000000d5580000,0x00000000d6a00000,0x00000000d6a00000)
  from space 2048K, 78% used [0x00000000d6d00000,0x00000000d6e91de0,0x00000000d6f00000)
  to   space 2048K, 0% used [0x00000000d6b00000,0x00000000d6b00000,0x00000000d6d00000)
 ParOldGen       total 1369088K, used 639500K [0x0000000080000000, 0x00000000d3900000, 0x00000000d5580000)
  object space 1369088K, 46% used [0x0000000080000000,0x00000000a7083388,0x00000000d3900000)
 Metaspace       used 92597K, committed 94272K, reserved 1179648K
  class space    used 9070K, committed 9856K, reserved 1048576K
}
Event: 22680.744 GC heap after
{Heap after GC invocations=2564 (full 7):
 PSYoungGen      total 22528K, used 1506K [0x00000000d5580000, 0x00000000d6e00000, 0x0000000100000000)
  eden space 20992K, 0% used [0x00000000d5580000,0x00000000d5580000,0x00000000d6a00000)
  from space 1536K, 98% used [0x00000000d6b00000,0x00000000d6c78830,0x00000000d6c80000)
  to   space 1536K, 0% used [0x00000000d6c80000,0x00000000d6c80000,0x00000000d6e00000)
 ParOldGen       total 1369088K, used 640995K [0x0000000080000000, 0x00000000d3900000, 0x00000000d5580000)
  object space 1369088K, 46% used [0x0000000080000000,0x00000000a71f8ce8,0x00000000d3900000)
 Metaspace       used 92597K, committed 94272K, reserved 1179648K
  class space    used 9070K, committed 9856K, reserved 1048576K
}
Event: 22713.155 GC heap before
{Heap before GC invocations=2565 (full 7):
 PSYoungGen      total 22528K, used 22498K [0x00000000d5580000, 0x00000000d6e00000, 0x0000000100000000)
  eden space 20992K, 100% used [0x00000000d5580000,0x00000000d6a00000,0x00000000d6a00000)
  from space 1536K, 98% used [0x00000000d6b00000,0x00000000d6c78830,0x00000000d6c80000)
  to   space 1536K, 0% used [0x00000000d6c80000,0x00000000d6c80000,0x00000000d6e00000)
 ParOldGen       total 1369088K, used 640995K [0x0000000080000000, 0x00000000d3900000, 0x00000000d5580000)
  object space 1369088K, 46% used [0x0000000080000000,0x00000000a71f8ce8,0x00000000d3900000)
 Metaspace       used 92601K, committed 94272K, reserved 1179648K
  class space    used 9070K, committed 9856K, reserved 1048576K
}
Event: 22713.158 GC heap after
{Heap after GC invocations=2565 (full 7):
 PSYoungGen      total 22016K, used 665K [0x00000000d5580000, 0x00000000d6d80000, 0x0000000100000000)
  eden space 20992K, 0% used [0x00000000d5580000,0x00000000d5580000,0x00000000d6a00000)
  from space 1024K, 64% used [0x00000000d6c80000,0x00000000d6d26410,0x00000000d6d80000)
  to   space 1024K, 0% used [0x00000000d6b80000,0x00000000d6b80000,0x00000000d6c80000)
 ParOldGen       total 1369088K, used 641896K [0x0000000080000000, 0x00000000d3900000, 0x00000000d5580000)
  object space 1369088K, 46% used [0x0000000080000000,0x00000000a72da138,0x00000000d3900000)
 Metaspace       used 92601K, committed 94272K, reserved 1179648K
  class space    used 9070K, committed 9856K, reserved 1048576K
}
Event: 25070.412 GC heap before
{Heap before GC invocations=2566 (full 7):
 PSYoungGen      total 22016K, used 21657K [0x00000000d5580000, 0x00000000d6d80000, 0x0000000100000000)
  eden space 20992K, 100% used [0x00000000d5580000,0x00000000d6a00000,0x00000000d6a00000)
  from space 1024K, 64% used [0x00000000d6c80000,0x00000000d6d26410,0x00000000d6d80000)
  to   space 1024K, 0% used [0x00000000d6b80000,0x00000000d6b80000,0x00000000d6c80000)
 ParOldGen       total 1369088K, used 641896K [0x0000000080000000, 0x00000000d3900000, 0x00000000d5580000)
  object space 1369088K, 46% used [0x0000000080000000,0x00000000a72da138,0x00000000d3900000)
 Metaspace       used 92608K, committed 94272K, reserved 1179648K
  class space    used 9070K, committed 9856K, reserved 1048576K
}
Event: 25070.525 GC heap after
{Heap after GC invocations=2566 (full 7):
 PSYoungGen      total 22016K, used 809K [0x00000000d5580000, 0x00000000d6d00000, 0x0000000100000000)
  eden space 20992K, 0% used [0x00000000d5580000,0x00000000d5580000,0x00000000d6a00000)
  from space 1024K, 79% used [0x00000000d6b80000,0x00000000d6c4a420,0x00000000d6c80000)
  to   space 512K, 0% used [0x00000000d6c80000,0x00000000d6c80000,0x00000000d6d00000)
 ParOldGen       total 1369088K, used 641944K [0x0000000080000000, 0x00000000d3900000, 0x00000000d5580000)
  object space 1369088K, 46% used [0x0000000080000000,0x00000000a72e6138,0x00000000d3900000)
 Metaspace       used 92608K, committed 94272K, reserved 1179648K
  class space    used 9070K, committed 9856K, reserved 1048576K
}

