# JRE version: OpenJDK Runtime Environment Temurin-21.0.8+9 (21.0.8+9) (build 21.0.8+9-LTS)
# Java VM: OpenJDK 64-Bit Server VM Temurin-21.0.8+9 (21.0.8+9-LTS, mixed mode, sharing, tiered, compressed oops, compressed class ptrs, parallel gc, windows-amd64)
GC Precious Log:
 CardTable entry size: 512
 CPUs: 12 total, 12 available
 Memory: 7561M
 Large Page Support: Disabled
 NUMA Support: Disabled
 Compressed Oops: Enabled (32-bit)
 Alignments: Space 512K, Generation 512K, Heap 2M
 Heap Min Capacity: 100M
 Heap Initial Capacity: 100M
 Heap Max Capacity: 2G
 Pre-touch: Disabled
 Parallel Workers: 10
Heap:
 PSYoungGen      total 13312K, used 6867K [0x00000000d5580000, 0x00000000d6400000, 0x0000000100000000)
  eden space 11776K, 49% used [0x00000000d5580000,0x00000000d5b2cc70,0x00000000d6100000)
  from space 1536K, 68% used [0x00000000d6100000,0x00000000d6208020,0x00000000d6280000)
  to   space 1536K, 0% used [0x00000000d6280000,0x00000000d6280000,0x00000000d6400000)
 ParOldGen       total 787968K, used 467945K [0x0000000080000000, 0x00000000b0180000, 0x00000000d5580000)
  object space 787968K, 59% used [0x0000000080000000,0x000000009c8fa568,0x00000000b0180000)
 Metaspace       used 78451K, committed 80192K, reserved 1179648K
  class space    used 7800K, committed 8576K, reserved 1048576K
GC Heap History (20 events):
Event: 2195.175 GC heap before
{Heap before GC invocations=2498 (full 4):
 PSYoungGen      total 9728K, used 9718K [0x00000000d5580000, 0x00000000d6900000, 0x0000000100000000)
  eden space 8704K, 100% used [0x00000000d5580000,0x00000000d5e00000,0x00000000d5e00000)
  from space 1024K, 99% used [0x00000000d5e00000,0x00000000d5efdbc0,0x00000000d5f00000)
  to   space 5632K, 0% used [0x00000000d6380000,0x00000000d6380000,0x00000000d6900000)
 ParOldGen       total 787968K, used 453682K [0x0000000080000000, 0x00000000b0180000, 0x00000000d5580000)
  object space 787968K, 57% used [0x0000000080000000,0x000000009bb0c8d8,0x00000000b0180000)
 Metaspace       used 77997K, committed 79680K, reserved 1179648K
  class space    used 7760K, committed 8512K, reserved 1048576K
}
Event: 2195.183 GC heap after
{Heap after GC invocations=2498 (full 4):
 PSYoungGen      total 11264K, used 5618K [0x00000000d5580000, 0x00000000d7100000, 0x0000000100000000)
  eden space 5632K, 0% used [0x00000000d5580000,0x00000000d5580000,0x00000000d5b00000)
  from space 5632K, 99% used [0x00000000d6380000,0x00000000d68fcb68,0x00000000d6900000)
  to   space 8704K, 0% used [0x00000000d5b00000,0x00000000d5b00000,0x00000000d6380000)
 ParOldGen       total 787968K, used 455830K [0x0000000080000000, 0x00000000b0180000, 0x00000000d5580000)
  object space 787968K, 57% used [0x0000000080000000,0x000000009bd25a30,0x00000000b0180000)
 Metaspace       used 77997K, committed 79680K, reserved 1179648K
  class space    used 7760K, committed 8512K, reserved 1048576K
}
Event: 2195.216 GC heap before
{Heap before GC invocations=2499 (full 4):
 PSYoungGen      total 11264K, used 11250K [0x00000000d5580000, 0x00000000d7100000, 0x0000000100000000)
  eden space 5632K, 100% used [0x00000000d5580000,0x00000000d5b00000,0x00000000d5b00000)
  from space 5632K, 99% used [0x00000000d6380000,0x00000000d68fcb68,0x00000000d6900000)
  to   space 8704K, 0% used [0x00000000d5b00000,0x00000000d5b00000,0x00000000d6380000)
 ParOldGen       total 787968K, used 455830K [0x0000000080000000, 0x00000000b0180000, 0x00000000d5580000)
  object space 787968K, 57% used [0x0000000080000000,0x000000009bd25a30,0x00000000b0180000)
 Metaspace       used 78028K, committed 79680K, reserved 1179648K
  class space    used 7761K, committed 8512K, reserved 1048576K
}
Event: 2195.233 GC heap after
{Heap after GC invocations=2499 (full 4):
 PSYoungGen      total 7168K, used 1248K [0x00000000d5580000, 0x00000000d6480000, 0x0000000100000000)
  eden space 5632K, 0% used [0x00000000d5580000,0x00000000d5580000,0x00000000d5b00000)
  from space 1536K, 81% used [0x00000000d5b00000,0x00000000d5c38000,0x00000000d5c80000)
  to   space 4096K, 0% used [0x00000000d6080000,0x00000000d6080000,0x00000000d6480000)
 ParOldGen       total 787968K, used 461411K [0x0000000080000000, 0x00000000b0180000, 0x00000000d5580000)
  object space 787968K, 58% used [0x0000000080000000,0x000000009c298c90,0x00000000b0180000)
 Metaspace       used 78028K, committed 79680K, reserved 1179648K
  class space    used 7761K, committed 8512K, reserved 1048576K
}
Event: 2195.238 GC heap before
{Heap before GC invocations=2500 (full 4):
 PSYoungGen      total 7168K, used 6880K [0x00000000d5580000, 0x00000000d6480000, 0x0000000100000000)
  eden space 5632K, 100% used [0x00000000d5580000,0x00000000d5b00000,0x00000000d5b00000)
  from space 1536K, 81% used [0x00000000d5b00000,0x00000000d5c38000,0x00000000d5c80000)
  to   space 4096K, 0% used [0x00000000d6080000,0x00000000d6080000,0x00000000d6480000)
 ParOldGen       total 787968K, used 461411K [0x0000000080000000, 0x00000000b0180000, 0x00000000d5580000)
  object space 787968K, 58% used [0x0000000080000000,0x000000009c298c90,0x00000000b0180000)
 Metaspace       used 78028K, committed 79680K, reserved 1179648K
  class space    used 7761K, committed 8512K, reserved 1048576K
}
Event: 2195.245 GC heap after
{Heap after GC invocations=2500 (full 4):
 PSYoungGen      total 8192K, used 512K [0x00000000d5580000, 0x00000000d6180000, 0x0000000100000000)
  eden space 7168K, 0% used [0x00000000d5580000,0x00000000d5580000,0x00000000d5c80000)
  from space 1024K, 50% used [0x00000000d6080000,0x00000000d6100020,0x00000000d6180000)
  to   space 1536K, 0% used [0x00000000d5e80000,0x00000000d5e80000,0x00000000d6000000)
 ParOldGen       total 787968K, used 462487K [0x0000000080000000, 0x00000000b0180000, 0x00000000d5580000)
  object space 787968K, 58% used [0x0000000080000000,0x000000009c3a5c08,0x00000000b0180000)
 Metaspace       used 78028K, committed 79680K, reserved 1179648K
  class space    used 7761K, committed 8512K, reserved 1048576K
}
Event: 2195.250 GC heap before
{Heap before GC invocations=2501 (full 4):
 PSYoungGen      total 8192K, used 7680K [0x00000000d5580000, 0x00000000d6180000, 0x0000000100000000)
  eden space 7168K, 100% used [0x00000000d5580000,0x00000000d5c80000,0x00000000d5c80000)
  from space 1024K, 50% used [0x00000000d6080000,0x00000000d6100020,0x00000000d6180000)
  to   space 1536K, 0% used [0x00000000d5e80000,0x00000000d5e80000,0x00000000d6000000)
 ParOldGen       total 787968K, used 462487K [0x0000000080000000, 0x00000000b0180000, 0x00000000d5580000)
  object space 787968K, 58% used [0x0000000080000000,0x000000009c3a5c08,0x00000000b0180000)
 Metaspace       used 78037K, committed 79680K, reserved 1179648K
  class space    used 7761K, committed 8512K, reserved 1048576K
}
Event: 2195.252 GC heap after
{Heap after GC invocations=2501 (full 4):
 PSYoungGen      total 10240K, used 768K [0x00000000d5580000, 0x00000000d6100000, 0x0000000100000000)
  eden space 8704K, 0% used [0x00000000d5580000,0x00000000d5580000,0x00000000d5e00000)
  from space 1536K, 50% used [0x00000000d5e80000,0x00000000d5f40020,0x00000000d6000000)
  to   space 1024K, 0% used [0x00000000d6000000,0x00000000d6000000,0x00000000d6100000)
 ParOldGen       total 787968K, used 462855K [0x0000000080000000, 0x00000000b0180000, 0x00000000d5580000)
  object space 787968K, 58% used [0x0000000080000000,0x000000009c401c08,0x00000000b0180000)
 Metaspace       used 78037K, committed 79680K, reserved 1179648K
  class space    used 7761K, committed 8512K, reserved 1048576K
}
Event: 2195.370 GC heap before
{Heap before GC invocations=2502 (full 4):
 PSYoungGen      total 10240K, used 9472K [0x00000000d5580000, 0x00000000d6100000, 0x0000000100000000)
  eden space 8704K, 100% used [0x00000000d5580000,0x00000000d5e00000,0x00000000d5e00000)
  from space 1536K, 50% used [0x00000000d5e80000,0x00000000d5f40020,0x00000000d6000000)
  to   space 1024K, 0% used [0x00000000d6000000,0x00000000d6000000,0x00000000d6100000)
 ParOldGen       total 787968K, used 462855K [0x0000000080000000, 0x00000000b0180000, 0x00000000d5580000)
  object space 787968K, 58% used [0x0000000080000000,0x000000009c401c08,0x00000000b0180000)
 Metaspace       used 78364K, committed 80064K, reserved 1179648K
  class space    used 7791K, committed 8576K, reserved 1048576K
}
Event: 2195.375 GC heap after
{Heap after GC invocations=2502 (full 4):
 PSYoungGen      total 10752K, used 880K [0x00000000d5580000, 0x00000000d6200000, 0x0000000100000000)
  eden space 9728K, 0% used [0x00000000d5580000,0x00000000d5580000,0x00000000d5f00000)
  from space 1024K, 85% used [0x00000000d6000000,0x00000000d60dc030,0x00000000d6100000)
  to   space 1024K, 0% used [0x00000000d5f00000,0x00000000d5f00000,0x00000000d6000000)
 ParOldGen       total 787968K, used 463471K [0x0000000080000000, 0x00000000b0180000, 0x00000000d5580000)
  object space 787968K, 58% used [0x0000000080000000,0x000000009c49bc28,0x00000000b0180000)
 Metaspace       used 78364K, committed 80064K, reserved 1179648K
  class space    used 7791K, committed 8576K, reserved 1048576K
}
Event: 2195.407 GC heap before
{Heap before GC invocations=2503 (full 4):
 PSYoungGen      total 10752K, used 10608K [0x00000000d5580000, 0x00000000d6200000, 0x0000000100000000)
  eden space 9728K, 100% used [0x00000000d5580000,0x00000000d5f00000,0x00000000d5f00000)
  from space 1024K, 85% used [0x00000000d6000000,0x00000000d60dc030,0x00000000d6100000)
  to   space 1024K, 0% used [0x00000000d5f00000,0x00000000d5f00000,0x00000000d6000000)
 ParOldGen       total 787968K, used 463471K [0x0000000080000000, 0x00000000b0180000, 0x00000000d5580000)
  object space 787968K, 58% used [0x0000000080000000,0x000000009c49bc28,0x00000000b0180000)
 Metaspace       used 78419K, committed 80128K, reserved 1179648K
  class space    used 7800K, committed 8576K, reserved 1048576K
}
Event: 2195.411 GC heap after
{Heap after GC invocations=2503 (full 4):
 PSYoungGen      total 10752K, used 1001K [0x00000000d5580000, 0x00000000d6500000, 0x0000000100000000)
  eden space 9728K, 0% used [0x00000000d5580000,0x00000000d5580000,0x00000000d5f00000)
  from space 1024K, 97% used [0x00000000d5f00000,0x00000000d5ffa400,0x00000000d6000000)
  to   space 2048K, 0% used [0x00000000d6300000,0x00000000d6300000,0x00000000d6500000)
 ParOldGen       total 787968K, used 464275K [0x0000000080000000, 0x00000000b0180000, 0x00000000d5580000)
  object space 787968K, 58% used [0x0000000080000000,0x000000009c564c78,0x00000000b0180000)
 Metaspace       used 78419K, committed 80128K, reserved 1179648K
  class space    used 7800K, committed 8576K, reserved 1048576K
}
Event: 2195.419 GC heap before
{Heap before GC invocations=2504 (full 4):
 PSYoungGen      total 10752K, used 10729K [0x00000000d5580000, 0x00000000d6500000, 0x0000000100000000)
  eden space 9728K, 100% used [0x00000000d5580000,0x00000000d5f00000,0x00000000d5f00000)
  from space 1024K, 97% used [0x00000000d5f00000,0x00000000d5ffa400,0x00000000d6000000)
  to   space 2048K, 0% used [0x00000000d6300000,0x00000000d6300000,0x00000000d6500000)
 ParOldGen       total 787968K, used 464275K [0x0000000080000000, 0x00000000b0180000, 0x00000000d5580000)
  object space 787968K, 58% used [0x0000000080000000,0x000000009c564c78,0x00000000b0180000)
 Metaspace       used 78419K, committed 80128K, reserved 1179648K
  class space    used 7800K, committed 8576K, reserved 1048576K
}
Event: 2195.424 GC heap after
{Heap after GC invocations=2504 (full 4):
 PSYoungGen      total 12800K, used 864K [0x00000000d5580000, 0x00000000d6400000, 0x0000000100000000)
  eden space 11776K, 0% used [0x00000000d5580000,0x00000000d5580000,0x00000000d6100000)
  from space 1024K, 84% used [0x00000000d6300000,0x00000000d63d8020,0x00000000d6400000)
  to   space 1536K, 0% used [0x00000000d6100000,0x00000000d6100000,0x00000000d6280000)
 ParOldGen       total 787968K, used 465222K [0x0000000080000000, 0x00000000b0180000, 0x00000000d5580000)
  object space 787968K, 59% used [0x0000000080000000,0x000000009c6518a8,0x00000000b0180000)
 Metaspace       used 78419K, committed 80128K, reserved 1179648K
  class space    used 7800K, committed 8576K, reserved 1048576K
}
Event: 3414.912 GC heap before
{Heap before GC invocations=2505 (full 4):
 PSYoungGen      total 12800K, used 12640K [0x00000000d5580000, 0x00000000d6400000, 0x0000000100000000)
  eden space 11776K, 100% used [0x00000000d5580000,0x00000000d6100000,0x00000000d6100000)
  from space 1024K, 84% used [0x00000000d6300000,0x00000000d63d8020,0x00000000d6400000)
  to   space 1536K, 0% used [0x00000000d6100000,0x00000000d6100000,0x00000000d6280000)
 ParOldGen       total 787968K, used 465222K [0x0000000080000000, 0x00000000b0180000, 0x00000000d5580000)
  object space 787968K, 59% used [0x0000000080000000,0x000000009c6518a8,0x00000000b0180000)
 Metaspace       used 78439K, committed 80128K, reserved 1179648K
  class space    used 7800K, committed 8576K, reserved 1048576K
}
Event: 3415.079 GC heap after
{Heap after GC invocations=2505 (full 4):
 PSYoungGen      total 13312K, used 960K [0x00000000d5580000, 0x00000000d6380000, 0x0000000100000000)
  eden space 11776K, 0% used [0x00000000d5580000,0x00000000d5580000,0x00000000d6100000)
  from space 1536K, 62% used [0x00000000d6100000,0x00000000d61f0060,0x00000000d6280000)
  to   space 1024K, 0% used [0x00000000d6280000,0x00000000d6280000,0x00000000d6380000)
 ParOldGen       total 787968K, used 465950K [0x0000000080000000, 0x00000000b0180000, 0x00000000d5580000)
  object space 787968K, 59% used [0x0000000080000000,0x000000009c7078c8,0x00000000b0180000)
 Metaspace       used 78439K, committed 80128K, reserved 1179648K
  class space    used 7800K, committed 8576K, reserved 1048576K
}
Event: 3415.445 GC heap before
{Heap before GC invocations=2506 (full 4):
 PSYoungGen      total 13312K, used 12736K [0x00000000d5580000, 0x00000000d6380000, 0x0000000100000000)
  eden space 11776K, 100% used [0x00000000d5580000,0x00000000d6100000,0x00000000d6100000)
  from space 1536K, 62% used [0x00000000d6100000,0x00000000d61f0060,0x00000000d6280000)
  to   space 1024K, 0% used [0x00000000d6280000,0x00000000d6280000,0x00000000d6380000)
 ParOldGen       total 787968K, used 465950K [0x0000000080000000, 0x00000000b0180000, 0x00000000d5580000)
  object space 787968K, 59% used [0x0000000080000000,0x000000009c7078c8,0x00000000b0180000)
 Metaspace       used 78439K, committed 80128K, reserved 1179648K
  class space    used 7800K, committed 8576K, reserved 1048576K
}
Event: 3417.475 GC heap after
{Heap after GC invocations=2506 (full 4):
 PSYoungGen      total 12800K, used 1001K [0x00000000d5580000, 0x00000000d6380000, 0x0000000100000000)
  eden space 11776K, 0% used [0x00000000d5580000,0x00000000d5580000,0x00000000d6100000)
  from space 1024K, 97% used [0x00000000d6280000,0x00000000d637a400,0x00000000d6380000)
  to   space 1536K, 0% used [0x00000000d6100000,0x00000000d6100000,0x00000000d6280000)
 ParOldGen       total 787968K, used 466944K [0x0000000080000000, 0x00000000b0180000, 0x00000000d5580000)
  object space 787968K, 59% used [0x0000000080000000,0x000000009c800148,0x00000000b0180000)
 Metaspace       used 78439K, committed 80128K, reserved 1179648K
  class space    used 7800K, committed 8576K, reserved 1048576K
}
Event: 3417.644 GC heap before
{Heap before GC invocations=2507 (full 4):
 PSYoungGen      total 12800K, used 12777K [0x00000000d5580000, 0x00000000d6380000, 0x0000000100000000)
  eden space 11776K, 100% used [0x00000000d5580000,0x00000000d6100000,0x00000000d6100000)
  from space 1024K, 97% used [0x00000000d6280000,0x00000000d637a400,0x00000000d6380000)
  to   space 1536K, 0% used [0x00000000d6100000,0x00000000d6100000,0x00000000d6280000)
 ParOldGen       total 787968K, used 466944K [0x0000000080000000, 0x00000000b0180000, 0x00000000d5580000)
  object space 787968K, 59% used [0x0000000080000000,0x000000009c800148,0x00000000b0180000)
 Metaspace       used 78439K, committed 80128K, reserved 1179648K
  class space    used 7800K, committed 8576K, reserved 1048576K
}
Event: 3417.750 GC heap after
{Heap after GC invocations=2507 (full 4):
 PSYoungGen      total 13312K, used 1056K [0x00000000d5580000, 0x00000000d6400000, 0x0000000100000000)
  eden space 11776K, 0% used [0x00000000d5580000,0x00000000d5580000,0x00000000d6100000)
  from space 1536K, 68% used [0x00000000d6100000,0x00000000d6208020,0x00000000d6280000)
  to   space 1536K, 0% used [0x00000000d6280000,0x00000000d6280000,0x00000000d6400000)
 ParOldGen       total 787968K, used 467945K [0x0000000080000000, 0x00000000b0180000, 0x00000000d5580000)
  object space 787968K, 59% used [0x0000000080000000,0x000000009c8fa568,0x00000000b0180000)
 Metaspace       used 78439K, committed 80128K, reserved 1179648K
  class space    used 7800K, committed 8576K, reserved 1048576K
}

